distritales 2020-07-03 18:17:38,307 INFO [restartedMain] a.g.c.d.DistritalesApplication Starting DistritalesApplication on roman-Lenovo-G470 with PID 7020 (/home/roman/git/cfp/distritales/target/classes started by roman in /home/roman/git/cfp/distritales)
distritales 2020-07-03 18:17:38,367 INFO [restartedMain] a.g.c.d.DistritalesApplication No active profile set, falling back to default profiles: default
distritales 2020-07-03 18:17:38,595 INFO [restartedMain] o.s.b.d.e.DevToolsPropertyDefaultsPostProcessor Devtools property defaults active! Set 'spring.devtools.add-properties' to 'false' to disable
distritales 2020-07-03 18:17:38,596 INFO [restartedMain] o.s.b.d.e.DevToolsPropertyDefaultsPostProcessor For additional web related logging consider setting the 'logging.level.web' property to 'DEBUG'
distritales 2020-07-03 18:17:39,753 INFO [restartedMain] o.s.d.r.c.RepositoryConfigurationDelegate Bootstrapping Spring Data JPA repositories in DEFAULT mode.
distritales 2020-07-03 18:17:39,851 INFO [restartedMain] o.s.d.r.c.RepositoryConfigurationDelegate Finished Spring Data repository scanning in 82ms. Found 2 JPA repository interfaces.
distritales 2020-07-03 18:17:40,931 INFO [restartedMain] o.s.b.w.e.tomcat.TomcatWebServer Tomcat initialized with port(s): 8070 (http)
distritales 2020-07-03 18:17:40,943 INFO [restartedMain] o.a.coyote.http11.Http11NioProtocol Initializing ProtocolHandler ["http-nio-8070"]
distritales 2020-07-03 18:17:40,944 INFO [restartedMain] o.a.catalina.core.StandardService Starting service [Tomcat]
distritales 2020-07-03 18:17:40,944 INFO [restartedMain] o.a.catalina.core.StandardEngine Starting Servlet engine: [Apache Tomcat/9.0.34]
distritales 2020-07-03 18:17:41,083 INFO [restartedMain] o.a.c.c.C.[.[.[/distritales] Initializing Spring embedded WebApplicationContext
distritales 2020-07-03 18:17:41,083 INFO [restartedMain] o.s.web.context.ContextLoader Root WebApplicationContext: initialization completed in 2487 ms
distritales 2020-07-03 18:17:41,381 INFO [restartedMain] o.h.jpa.internal.util.LogHelper HHH000204: Processing PersistenceUnitInfo [name: default]
distritales 2020-07-03 18:17:41,445 INFO [restartedMain] org.hibernate.Version HHH000412: Hibernate ORM core version 5.4.15.Final
distritales 2020-07-03 18:17:41,594 INFO [restartedMain] o.h.annotations.common.Version HCANN000001: Hibernate Commons Annotations {5.1.0.Final}
distritales 2020-07-03 18:17:41,773 INFO [restartedMain] com.zaxxer.hikari.HikariDataSource HikariPool-1 - Starting...
distritales 2020-07-03 18:17:42,900 INFO [restartedMain] com.zaxxer.hikari.HikariDataSource HikariPool-1 - Start completed.
distritales 2020-07-03 18:17:42,923 INFO [restartedMain] org.hibernate.dialect.Dialect HHH000400: Using dialect: org.hibernate.dialect.SQLServer2012Dialect
distritales 2020-07-03 18:17:45,320 INFO [restartedMain] o.h.e.t.j.p.i.JtaPlatformInitiator HHH000490: Using JtaPlatform implementation: [org.hibernate.engine.transaction.jta.platform.internal.NoJtaPlatform]
distritales 2020-07-03 18:17:45,335 INFO [restartedMain] o.s.o.j.LocalContainerEntityManagerFactoryBean Initialized JPA EntityManagerFactory for persistence unit 'default'
distritales 2020-07-03 18:17:45,464 WARN [restartedMain] o.s.b.d.a.OptionalLiveReloadServer Unable to start LiveReload server
distritales 2020-07-03 18:17:46,305 WARN [restartedMain] o.s.b.a.o.j.JpaBaseConfiguration$JpaWebConfiguration spring.jpa.open-in-view is enabled by default. Therefore, database queries may be performed during view rendering. Explicitly configure spring.jpa.open-in-view to disable this warning
distritales 2020-07-03 18:17:46,536 INFO [restartedMain] o.s.s.c.ThreadPoolTaskExecutor Initializing ExecutorService 'applicationTaskExecutor'
distritales 2020-07-03 18:17:46,940 INFO [restartedMain] o.a.coyote.http11.Http11NioProtocol Starting ProtocolHandler ["http-nio-8070"]
distritales 2020-07-03 18:17:46,978 INFO [restartedMain] o.s.b.w.e.tomcat.TomcatWebServer Tomcat started on port(s): 8070 (http) with context path '/distritales'
distritales 2020-07-03 18:17:46,989 INFO [restartedMain] a.g.c.d.DistritalesApplication Started DistritalesApplication in 9.416 seconds (JVM running for 11.455)
distritales 2020-07-03 18:18:51,554 INFO [http-nio-8070-exec-1] o.a.c.c.C.[.[.[/distritales] Initializing Spring DispatcherServlet 'dispatcherServlet'
distritales 2020-07-03 18:18:51,556 INFO [http-nio-8070-exec-1] o.s.web.servlet.DispatcherServlet Initializing Servlet 'dispatcherServlet'
distritales 2020-07-03 18:18:51,573 INFO [http-nio-8070-exec-1] o.s.web.servlet.DispatcherServlet Completed initialization in 16 ms
distritales 2020-07-03 18:21:24,526 INFO [RMI TCP Connection(4)-127.0.0.1] o.s.b.a.SpringApplicationAdminMXBeanRegistrar$SpringApplicationAdmin Application shutdown requested.
distritales 2020-07-03 18:21:24,531 INFO [RMI TCP Connection(4)-127.0.0.1] o.s.s.c.ThreadPoolTaskExecutor Shutting down ExecutorService 'applicationTaskExecutor'
distritales 2020-07-03 18:21:24,534 INFO [RMI TCP Connection(4)-127.0.0.1] o.s.o.j.LocalContainerEntityManagerFactoryBean Closing JPA EntityManagerFactory for persistence unit 'default'
distritales 2020-07-03 18:21:24,544 INFO [RMI TCP Connection(4)-127.0.0.1] com.zaxxer.hikari.HikariDataSource HikariPool-1 - Shutdown initiated...
distritales 2020-07-03 18:21:24,560 INFO [RMI TCP Connection(4)-127.0.0.1] com.zaxxer.hikari.HikariDataSource HikariPool-1 - Shutdown completed.
distritales 2020-07-03 18:28:11,967 INFO [restartedMain] a.g.c.d.DistritalesApplication Starting DistritalesApplication on roman-Lenovo-G470 with PID 7451 (/home/roman/git/cfp/distritales/target/classes started by roman in /home/roman/git/cfp/distritales)
distritales 2020-07-03 18:28:11,975 INFO [restartedMain] a.g.c.d.DistritalesApplication No active profile set, falling back to default profiles: default
distritales 2020-07-03 18:28:12,087 INFO [restartedMain] o.s.b.d.e.DevToolsPropertyDefaultsPostProcessor Devtools property defaults active! Set 'spring.devtools.add-properties' to 'false' to disable
distritales 2020-07-03 18:28:12,088 INFO [restartedMain] o.s.b.d.e.DevToolsPropertyDefaultsPostProcessor For additional web related logging consider setting the 'logging.level.web' property to 'DEBUG'
distritales 2020-07-03 18:28:13,251 INFO [restartedMain] o.s.d.r.c.RepositoryConfigurationDelegate Bootstrapping Spring Data JPA repositories in DEFAULT mode.
distritales 2020-07-03 18:28:13,341 INFO [restartedMain] o.s.d.r.c.RepositoryConfigurationDelegate Finished Spring Data repository scanning in 78ms. Found 2 JPA repository interfaces.
distritales 2020-07-03 18:28:14,421 INFO [restartedMain] o.s.b.w.e.tomcat.TomcatWebServer Tomcat initialized with port(s): 8070 (http)
distritales 2020-07-03 18:28:14,434 INFO [restartedMain] o.a.coyote.http11.Http11NioProtocol Initializing ProtocolHandler ["http-nio-8070"]
distritales 2020-07-03 18:28:14,435 INFO [restartedMain] o.a.catalina.core.StandardService Starting service [Tomcat]
distritales 2020-07-03 18:28:14,436 INFO [restartedMain] o.a.catalina.core.StandardEngine Starting Servlet engine: [Apache Tomcat/9.0.34]
distritales 2020-07-03 18:28:14,556 INFO [restartedMain] o.a.c.c.C.[.[.[/distritales] Initializing Spring embedded WebApplicationContext
distritales 2020-07-03 18:28:14,557 INFO [restartedMain] o.s.web.context.ContextLoader Root WebApplicationContext: initialization completed in 2468 ms
distritales 2020-07-03 18:28:14,839 INFO [restartedMain] o.h.jpa.internal.util.LogHelper HHH000204: Processing PersistenceUnitInfo [name: default]
distritales 2020-07-03 18:28:14,886 INFO [restartedMain] org.hibernate.Version HHH000412: Hibernate ORM core version 5.4.15.Final
distritales 2020-07-03 18:28:15,021 INFO [restartedMain] o.h.annotations.common.Version HCANN000001: Hibernate Commons Annotations {5.1.0.Final}
distritales 2020-07-03 18:28:15,182 INFO [restartedMain] com.zaxxer.hikari.HikariDataSource HikariPool-1 - Starting...
distritales 2020-07-03 18:28:16,386 INFO [restartedMain] com.zaxxer.hikari.HikariDataSource HikariPool-1 - Start completed.
distritales 2020-07-03 18:28:16,413 INFO [restartedMain] org.hibernate.dialect.Dialect HHH000400: Using dialect: org.hibernate.dialect.SQLServer2012Dialect
distritales 2020-07-03 18:28:18,487 INFO [restartedMain] o.h.e.t.j.p.i.JtaPlatformInitiator HHH000490: Using JtaPlatform implementation: [org.hibernate.engine.transaction.jta.platform.internal.NoJtaPlatform]
distritales 2020-07-03 18:28:18,502 INFO [restartedMain] o.s.o.j.LocalContainerEntityManagerFactoryBean Initialized JPA EntityManagerFactory for persistence unit 'default'
distritales 2020-07-03 18:28:18,559 WARN [restartedMain] o.s.b.d.a.OptionalLiveReloadServer Unable to start LiveReload server
distritales 2020-07-03 18:28:19,285 WARN [restartedMain] o.s.b.a.o.j.JpaBaseConfiguration$JpaWebConfiguration spring.jpa.open-in-view is enabled by default. Therefore, database queries may be performed during view rendering. Explicitly configure spring.jpa.open-in-view to disable this warning
distritales 2020-07-03 18:28:19,479 INFO [restartedMain] o.s.s.c.ThreadPoolTaskExecutor Initializing ExecutorService 'applicationTaskExecutor'
distritales 2020-07-03 18:28:19,847 INFO [restartedMain] o.a.coyote.http11.Http11NioProtocol Starting ProtocolHandler ["http-nio-8070"]
distritales 2020-07-03 18:28:19,876 INFO [restartedMain] o.s.b.w.e.tomcat.TomcatWebServer Tomcat started on port(s): 8070 (http) with context path '/distritales'
distritales 2020-07-03 18:28:19,889 INFO [restartedMain] a.g.c.d.DistritalesApplication Started DistritalesApplication in 8.612 seconds (JVM running for 10.407)
distritales 2020-07-03 18:42:02,136 INFO [http-nio-8070-exec-1] o.a.c.c.C.[.[.[/distritales] Initializing Spring DispatcherServlet 'dispatcherServlet'
distritales 2020-07-03 18:42:02,138 INFO [http-nio-8070-exec-1] o.s.web.servlet.DispatcherServlet Initializing Servlet 'dispatcherServlet'
distritales 2020-07-03 18:42:02,161 INFO [http-nio-8070-exec-1] o.s.web.servlet.DispatcherServlet Completed initialization in 23 ms
distritales 2020-07-03 18:42:07,264 WARN [http-nio-8070-exec-1] com.zaxxer.hikari.pool.PoolBase HikariPool-1 - Failed to validate connection ConnectionID:1 ClientConnectionId: 04492779-88b8-4962-84ac-6aa66e0ffcac (La conexión está cerrada.). Possibly consider using a shorter maxLifetime value.
distritales 2020-07-03 18:42:12,278 WARN [http-nio-8070-exec-1] com.zaxxer.hikari.pool.PoolBase HikariPool-1 - Failed to validate connection ConnectionID:2 ClientConnectionId: 8cec504f-6a21-4f4e-9d9c-98b14da45a74 (La conexión está cerrada.). Possibly consider using a shorter maxLifetime value.
distritales 2020-07-03 18:42:17,285 WARN [http-nio-8070-exec-1] com.zaxxer.hikari.pool.PoolBase HikariPool-1 - Failed to validate connection ConnectionID:3 ClientConnectionId: f6fd4b85-ef9e-4c52-a754-1018b664011f (La conexión está cerrada.). Possibly consider using a shorter maxLifetime value.
distritales 2020-07-03 18:42:22,293 WARN [http-nio-8070-exec-1] com.zaxxer.hikari.pool.PoolBase HikariPool-1 - Failed to validate connection ConnectionID:4 ClientConnectionId: edd08e65-7934-4a77-a47f-ecad6f55e451 (La conexión está cerrada.). Possibly consider using a shorter maxLifetime value.
distritales 2020-07-03 18:42:27,304 WARN [http-nio-8070-exec-1] com.zaxxer.hikari.pool.PoolBase HikariPool-1 - Failed to validate connection ConnectionID:5 ClientConnectionId: 21f14126-cd6e-41d6-8e71-779d260976c9 (La conexión está cerrada.). Possibly consider using a shorter maxLifetime value.
distritales 2020-07-03 18:42:32,319 WARN [http-nio-8070-exec-1] com.zaxxer.hikari.pool.PoolBase HikariPool-1 - Failed to validate connection ConnectionID:6 ClientConnectionId: 3a9a1886-ecc5-42fe-b3d9-49feac7ff23c (La conexión está cerrada.). Possibly consider using a shorter maxLifetime value.
distritales 2020-07-03 18:42:32,324 WARN [http-nio-8070-exec-1] o.h.e.jdbc.spi.SqlExceptionHelper SQL Error: 0, SQLState: null
distritales 2020-07-03 18:42:32,324 ERROR [http-nio-8070-exec-1] o.h.e.jdbc.spi.SqlExceptionHelper HikariPool-1 - Connection is not available, request timed out after 30065ms.
distritales 2020-07-03 18:42:32,325 ERROR [http-nio-8070-exec-1] o.h.e.jdbc.spi.SqlExceptionHelper La conexión está cerrada.
distritales 2020-07-03 18:42:32,345 ERROR [http-nio-8070-exec-1] o.a.c.c.C.[.[.[.[dispatcherServlet] Servlet.service() for servlet [dispatcherServlet] in context with path [/distritales] threw exception [Request processing failed; nested exception is org.springframework.transaction.CannotCreateTransactionException: Could not open JPA EntityManager for transaction; nested exception is org.hibernate.exception.JDBCConnectionException: Unable to acquire JDBC Connection] with root cause
com.microsoft.sqlserver.jdbc.SQLServerException: La conexión está cerrada.
	at com.microsoft.sqlserver.jdbc.SQLServerException.makeFromDriverError(SQLServerException.java:234)
	at com.microsoft.sqlserver.jdbc.SQLServerConnection.checkClosed(SQLServerConnection.java:1090)
	at com.microsoft.sqlserver.jdbc.SQLServerConnection.setNetworkTimeout(SQLServerConnection.java:5403)
	at com.zaxxer.hikari.pool.PoolBase.setNetworkTimeout(PoolBase.java:560)
	at com.zaxxer.hikari.pool.PoolBase.isConnectionAlive(PoolBase.java:173)
	at com.zaxxer.hikari.pool.HikariPool.getConnection(HikariPool.java:186)
	at com.zaxxer.hikari.pool.HikariPool.getConnection(HikariPool.java:162)
	at com.zaxxer.hikari.HikariDataSource.getConnection(HikariDataSource.java:128)
	at org.hibernate.engine.jdbc.connections.internal.DatasourceConnectionProviderImpl.getConnection(DatasourceConnectionProviderImpl.java:122)
	at org.hibernate.internal.NonContextualJdbcConnectionAccess.obtainConnection(NonContextualJdbcConnectionAccess.java:38)
	at org.hibernate.resource.jdbc.internal.LogicalConnectionManagedImpl.acquireConnectionIfNeeded(LogicalConnectionManagedImpl.java:104)
	at org.hibernate.resource.jdbc.internal.LogicalConnectionManagedImpl.getPhysicalConnection(LogicalConnectionManagedImpl.java:134)
	at org.hibernate.internal.SessionImpl.connection(SessionImpl.java:470)
	at java.base/jdk.internal.reflect.NativeMethodAccessorImpl.invoke0(Native Method)
	at java.base/jdk.internal.reflect.NativeMethodAccessorImpl.invoke(NativeMethodAccessorImpl.java:62)
	at java.base/jdk.internal.reflect.DelegatingMethodAccessorImpl.invoke(DelegatingMethodAccessorImpl.java:43)
	at java.base/java.lang.reflect.Method.invoke(Method.java:566)
	at org.springframework.util.ReflectionUtils.invokeMethod(ReflectionUtils.java:282)
	at org.springframework.util.ReflectionUtils.invokeMethod(ReflectionUtils.java:266)
	at org.springframework.orm.jpa.vendor.HibernateJpaDialect$HibernateConnectionHandle.doGetConnection(HibernateJpaDialect.java:430)
	at org.springframework.orm.jpa.vendor.HibernateJpaDialect.beginTransaction(HibernateJpaDialect.java:174)
	at org.springframework.orm.jpa.JpaTransactionManager.doBegin(JpaTransactionManager.java:402)
	at org.springframework.transaction.support.AbstractPlatformTransactionManager.startTransaction(AbstractPlatformTransactionManager.java:400)
	at org.springframework.transaction.support.AbstractPlatformTransactionManager.getTransaction(AbstractPlatformTransactionManager.java:373)
	at org.springframework.transaction.interceptor.TransactionAspectSupport.createTransactionIfNecessary(TransactionAspectSupport.java:572)
	at org.springframework.transaction.interceptor.TransactionAspectSupport.invokeWithinTransaction(TransactionAspectSupport.java:360)
	at org.springframework.transaction.interceptor.TransactionInterceptor.invoke(TransactionInterceptor.java:118)
	at org.springframework.aop.framework.ReflectiveMethodInvocation.proceed(ReflectiveMethodInvocation.java:186)
	at org.springframework.dao.support.PersistenceExceptionTranslationInterceptor.invoke(PersistenceExceptionTranslationInterceptor.java:139)
	at org.springframework.aop.framework.ReflectiveMethodInvocation.proceed(ReflectiveMethodInvocation.java:186)
	at org.springframework.data.jpa.repository.support.CrudMethodMetadataPostProcessor$CrudMethodMetadataPopulatingMethodInterceptor.invoke(CrudMethodMetadataPostProcessor.java:178)
	at org.springframework.aop.framework.ReflectiveMethodInvocation.proceed(ReflectiveMethodInvocation.java:186)
	at org.springframework.aop.interceptor.ExposeInvocationInterceptor.invoke(ExposeInvocationInterceptor.java:95)
	at org.springframework.aop.framework.ReflectiveMethodInvocation.proceed(ReflectiveMethodInvocation.java:186)
	at org.springframework.aop.framework.JdkDynamicAopProxy.invoke(JdkDynamicAopProxy.java:212)
	at com.sun.proxy.$Proxy96.findById(Unknown Source)
	at ar.gob.cfp.distrito.dao.InstitucionesDao.getInstitucionesById(InstitucionesDao.java:50)
	at ar.gob.cfp.distrito.services.InstitucionesService.getInstitucionPorId(InstitucionesService.java:29)
	at ar.gob.cfp.distrito.controllers.InstitucionController.getInstitucion(InstitucionController.java:38)
	at java.base/jdk.internal.reflect.NativeMethodAccessorImpl.invoke0(Native Method)
	at java.base/jdk.internal.reflect.NativeMethodAccessorImpl.invoke(NativeMethodAccessorImpl.java:62)
	at java.base/jdk.internal.reflect.DelegatingMethodAccessorImpl.invoke(DelegatingMethodAccessorImpl.java:43)
	at java.base/java.lang.reflect.Method.invoke(Method.java:566)
	at org.springframework.web.method.support.InvocableHandlerMethod.doInvoke(InvocableHandlerMethod.java:190)
	at org.springframework.web.method.support.InvocableHandlerMethod.invokeForRequest(InvocableHandlerMethod.java:138)
	at org.springframework.web.servlet.mvc.method.annotation.ServletInvocableHandlerMethod.invokeAndHandle(ServletInvocableHandlerMethod.java:105)
	at org.springframework.web.servlet.mvc.method.annotation.RequestMappingHandlerAdapter.invokeHandlerMethod(RequestMappingHandlerAdapter.java:879)
	at org.springframework.web.servlet.mvc.method.annotation.RequestMappingHandlerAdapter.handleInternal(RequestMappingHandlerAdapter.java:793)
	at org.springframework.web.servlet.mvc.method.AbstractHandlerMethodAdapter.handle(AbstractHandlerMethodAdapter.java:87)
	at org.springframework.web.servlet.DispatcherServlet.doDispatch(DispatcherServlet.java:1040)
	at org.springframework.web.servlet.DispatcherServlet.doService(DispatcherServlet.java:943)
	at org.springframework.web.servlet.FrameworkServlet.processRequest(FrameworkServlet.java:1006)
	at org.springframework.web.servlet.FrameworkServlet.doGet(FrameworkServlet.java:898)
	at javax.servlet.http.HttpServlet.service(HttpServlet.java:634)
	at org.springframework.web.servlet.FrameworkServlet.service(FrameworkServlet.java:883)
	at javax.servlet.http.HttpServlet.service(HttpServlet.java:741)
	at org.apache.catalina.core.ApplicationFilterChain.internalDoFilter(ApplicationFilterChain.java:231)
	at org.apache.catalina.core.ApplicationFilterChain.doFilter(ApplicationFilterChain.java:166)
	at org.apache.tomcat.websocket.server.WsFilter.doFilter(WsFilter.java:53)
	at org.apache.catalina.core.ApplicationFilterChain.internalDoFilter(ApplicationFilterChain.java:193)
	at org.apache.catalina.core.ApplicationFilterChain.doFilter(ApplicationFilterChain.java:166)
	at org.springframework.web.filter.RequestContextFilter.doFilterInternal(RequestContextFilter.java:100)
	at org.springframework.web.filter.OncePerRequestFilter.doFilter(OncePerRequestFilter.java:119)
	at org.apache.catalina.core.ApplicationFilterChain.internalDoFilter(ApplicationFilterChain.java:193)
	at org.apache.catalina.core.ApplicationFilterChain.doFilter(ApplicationFilterChain.java:166)
	at org.springframework.web.filter.FormContentFilter.doFilterInternal(FormContentFilter.java:93)
	at org.springframework.web.filter.OncePerRequestFilter.doFilter(OncePerRequestFilter.java:119)
	at org.apache.catalina.core.ApplicationFilterChain.internalDoFilter(ApplicationFilterChain.java:193)
	at org.apache.catalina.core.ApplicationFilterChain.doFilter(ApplicationFilterChain.java:166)
	at org.springframework.web.filter.CharacterEncodingFilter.doFilterInternal(CharacterEncodingFilter.java:201)
	at org.springframework.web.filter.OncePerRequestFilter.doFilter(OncePerRequestFilter.java:119)
	at org.apache.catalina.core.ApplicationFilterChain.internalDoFilter(ApplicationFilterChain.java:193)
	at org.apache.catalina.core.ApplicationFilterChain.doFilter(ApplicationFilterChain.java:166)
	at org.apache.catalina.core.StandardWrapperValve.invoke(StandardWrapperValve.java:202)
	at org.apache.catalina.core.StandardContextValve.invoke(StandardContextValve.java:96)
	at org.apache.catalina.authenticator.AuthenticatorBase.invoke(AuthenticatorBase.java:541)
	at org.apache.catalina.core.StandardHostValve.invoke(StandardHostValve.java:139)
	at org.apache.catalina.valves.ErrorReportValve.invoke(ErrorReportValve.java:92)
	at org.apache.catalina.core.StandardEngineValve.invoke(StandardEngineValve.java:74)
	at org.apache.catalina.connector.CoyoteAdapter.service(CoyoteAdapter.java:343)
	at org.apache.coyote.http11.Http11Processor.service(Http11Processor.java:373)
	at org.apache.coyote.AbstractProcessorLight.process(AbstractProcessorLight.java:65)
	at org.apache.coyote.AbstractProtocol$ConnectionHandler.process(AbstractProtocol.java:868)
	at org.apache.tomcat.util.net.NioEndpoint$SocketProcessor.doRun(NioEndpoint.java:1590)
	at org.apache.tomcat.util.net.SocketProcessorBase.run(SocketProcessorBase.java:49)
	at java.base/java.util.concurrent.ThreadPoolExecutor.runWorker(ThreadPoolExecutor.java:1128)
	at java.base/java.util.concurrent.ThreadPoolExecutor$Worker.run(ThreadPoolExecutor.java:628)
	at org.apache.tomcat.util.threads.TaskThread$WrappingRunnable.run(TaskThread.java:61)
	at java.base/java.lang.Thread.run(Thread.java:834)
distritales 2020-07-03 18:42:50,849 INFO [RMI TCP Connection(4)-127.0.0.1] o.s.b.a.SpringApplicationAdminMXBeanRegistrar$SpringApplicationAdmin Application shutdown requested.
distritales 2020-07-03 18:42:50,856 INFO [RMI TCP Connection(4)-127.0.0.1] o.s.s.c.ThreadPoolTaskExecutor Shutting down ExecutorService 'applicationTaskExecutor'
distritales 2020-07-03 18:42:50,858 INFO [RMI TCP Connection(4)-127.0.0.1] o.s.o.j.LocalContainerEntityManagerFactoryBean Closing JPA EntityManagerFactory for persistence unit 'default'
distritales 2020-07-03 18:42:50,869 INFO [RMI TCP Connection(4)-127.0.0.1] com.zaxxer.hikari.HikariDataSource HikariPool-1 - Shutdown initiated...
distritales 2020-07-03 18:42:50,876 INFO [RMI TCP Connection(4)-127.0.0.1] com.zaxxer.hikari.HikariDataSource HikariPool-1 - Shutdown completed.
distritales 2020-07-03 18:43:21,502 INFO [restartedMain] a.g.c.d.DistritalesApplication Starting DistritalesApplication on roman-Lenovo-G470 with PID 8242 (/home/roman/git/cfp/distritales/target/classes started by roman in /home/roman/git/cfp/distritales)
distritales 2020-07-03 18:43:21,510 INFO [restartedMain] a.g.c.d.DistritalesApplication No active profile set, falling back to default profiles: default
distritales 2020-07-03 18:43:21,632 INFO [restartedMain] o.s.b.d.e.DevToolsPropertyDefaultsPostProcessor Devtools property defaults active! Set 'spring.devtools.add-properties' to 'false' to disable
distritales 2020-07-03 18:43:21,633 INFO [restartedMain] o.s.b.d.e.DevToolsPropertyDefaultsPostProcessor For additional web related logging consider setting the 'logging.level.web' property to 'DEBUG'
distritales 2020-07-03 18:43:22,729 INFO [restartedMain] o.s.d.r.c.RepositoryConfigurationDelegate Bootstrapping Spring Data JPA repositories in DEFAULT mode.
distritales 2020-07-03 18:43:22,818 INFO [restartedMain] o.s.d.r.c.RepositoryConfigurationDelegate Finished Spring Data repository scanning in 76ms. Found 2 JPA repository interfaces.
distritales 2020-07-03 18:43:23,864 INFO [restartedMain] o.s.b.w.e.tomcat.TomcatWebServer Tomcat initialized with port(s): 8070 (http)
distritales 2020-07-03 18:43:23,881 INFO [restartedMain] o.a.coyote.http11.Http11NioProtocol Initializing ProtocolHandler ["http-nio-8070"]
distritales 2020-07-03 18:43:23,882 INFO [restartedMain] o.a.catalina.core.StandardService Starting service [Tomcat]
distritales 2020-07-03 18:43:23,883 INFO [restartedMain] o.a.catalina.core.StandardEngine Starting Servlet engine: [Apache Tomcat/9.0.34]
distritales 2020-07-03 18:43:24,022 INFO [restartedMain] o.a.c.c.C.[.[.[/distritales] Initializing Spring embedded WebApplicationContext
distritales 2020-07-03 18:43:24,022 INFO [restartedMain] o.s.web.context.ContextLoader Root WebApplicationContext: initialization completed in 2389 ms
distritales 2020-07-03 18:43:24,311 INFO [restartedMain] o.h.jpa.internal.util.LogHelper HHH000204: Processing PersistenceUnitInfo [name: default]
distritales 2020-07-03 18:43:24,360 INFO [restartedMain] org.hibernate.Version HHH000412: Hibernate ORM core version 5.4.15.Final
distritales 2020-07-03 18:43:24,499 INFO [restartedMain] o.h.annotations.common.Version HCANN000001: Hibernate Commons Annotations {5.1.0.Final}
distritales 2020-07-03 18:43:24,638 INFO [restartedMain] com.zaxxer.hikari.HikariDataSource HikariPool-1 - Starting...
distritales 2020-07-03 18:43:25,438 INFO [restartedMain] com.zaxxer.hikari.HikariDataSource HikariPool-1 - Start completed.
distritales 2020-07-03 18:43:25,459 INFO [restartedMain] org.hibernate.dialect.Dialect HHH000400: Using dialect: org.hibernate.dialect.SQLServer2012Dialect
distritales 2020-07-03 18:43:27,070 INFO [restartedMain] o.h.e.t.j.p.i.JtaPlatformInitiator HHH000490: Using JtaPlatform implementation: [org.hibernate.engine.transaction.jta.platform.internal.NoJtaPlatform]
distritales 2020-07-03 18:43:27,078 INFO [restartedMain] o.s.o.j.LocalContainerEntityManagerFactoryBean Initialized JPA EntityManagerFactory for persistence unit 'default'
distritales 2020-07-03 18:43:27,130 WARN [restartedMain] o.s.b.d.a.OptionalLiveReloadServer Unable to start LiveReload server
distritales 2020-07-03 18:43:27,699 WARN [restartedMain] o.s.b.a.o.j.JpaBaseConfiguration$JpaWebConfiguration spring.jpa.open-in-view is enabled by default. Therefore, database queries may be performed during view rendering. Explicitly configure spring.jpa.open-in-view to disable this warning
distritales 2020-07-03 18:43:27,870 INFO [restartedMain] o.s.s.c.ThreadPoolTaskExecutor Initializing ExecutorService 'applicationTaskExecutor'
distritales 2020-07-03 18:43:28,272 INFO [restartedMain] o.a.coyote.http11.Http11NioProtocol Starting ProtocolHandler ["http-nio-8070"]
distritales 2020-07-03 18:43:28,304 INFO [restartedMain] o.s.b.w.e.tomcat.TomcatWebServer Tomcat started on port(s): 8070 (http) with context path '/distritales'
distritales 2020-07-03 18:43:28,313 INFO [restartedMain] a.g.c.d.DistritalesApplication Started DistritalesApplication in 7.458 seconds (JVM running for 9.377)
distritales 2020-07-03 18:44:18,877 INFO [http-nio-8070-exec-1] o.a.c.c.C.[.[.[/distritales] Initializing Spring DispatcherServlet 'dispatcherServlet'
distritales 2020-07-03 18:44:18,878 INFO [http-nio-8070-exec-1] o.s.web.servlet.DispatcherServlet Initializing Servlet 'dispatcherServlet'
distritales 2020-07-03 18:44:18,893 INFO [http-nio-8070-exec-1] o.s.web.servlet.DispatcherServlet Completed initialization in 14 ms
distritales 2020-07-03 19:26:14,985 INFO [RMI TCP Connection(4)-127.0.0.1] o.s.b.a.SpringApplicationAdminMXBeanRegistrar$SpringApplicationAdmin Application shutdown requested.
distritales 2020-07-03 19:26:14,992 INFO [RMI TCP Connection(4)-127.0.0.1] o.s.s.c.ThreadPoolTaskExecutor Shutting down ExecutorService 'applicationTaskExecutor'
distritales 2020-07-03 19:26:14,994 INFO [RMI TCP Connection(4)-127.0.0.1] o.s.o.j.LocalContainerEntityManagerFactoryBean Closing JPA EntityManagerFactory for persistence unit 'default'
distritales 2020-07-03 19:26:15,000 INFO [RMI TCP Connection(4)-127.0.0.1] com.zaxxer.hikari.HikariDataSource HikariPool-1 - Shutdown initiated...
distritales 2020-07-03 19:26:15,015 INFO [RMI TCP Connection(4)-127.0.0.1] com.zaxxer.hikari.HikariDataSource HikariPool-1 - Shutdown completed.
