autorizaciones 2020-07-07 20:34:10,627 INFO [restartedMain] a.g.c.a.AutorizacionesApplication Starting AutorizacionesApplication on LAPTOP-1RSKTVUK with PID 3296 (D:\Users\jeyler\Trabajo\CFP\SpringBoot\repositoriogit\cfp\autorizaciones\target\classes started by jeyler in D:\Users\jeyler\Trabajo\CFP\SpringBoot\repositoriogit\cfp\autorizaciones)
autorizaciones 2020-07-07 20:34:10,643 INFO [restartedMain] a.g.c.a.AutorizacionesApplication No active profile set, falling back to default profiles: default
autorizaciones 2020-07-07 20:34:10,731 INFO [restartedMain] o.s.b.d.e.DevToolsPropertyDefaultsPostProcessor Devtools property defaults active! Set 'spring.devtools.add-properties' to 'false' to disable
autorizaciones 2020-07-07 20:34:10,731 INFO [restartedMain] o.s.b.d.e.DevToolsPropertyDefaultsPostProcessor For additional web related logging consider setting the 'logging.level.web' property to 'DEBUG'
autorizaciones 2020-07-07 20:34:11,901 INFO [restartedMain] o.s.d.r.c.RepositoryConfigurationDelegate Bootstrapping Spring Data JPA repositories in DEFAULT mode.
autorizaciones 2020-07-07 20:34:11,992 INFO [restartedMain] o.s.d.r.c.RepositoryConfigurationDelegate Finished Spring Data repository scanning in 78ms. Found 1 JPA repository interfaces.
autorizaciones 2020-07-07 20:34:12,738 INFO [restartedMain] o.s.b.w.e.tomcat.TomcatWebServer Tomcat initialized with port(s): 8075 (http)
autorizaciones 2020-07-07 20:34:12,749 INFO [restartedMain] o.a.coyote.http11.Http11NioProtocol Initializing ProtocolHandler ["http-nio-8075"]
autorizaciones 2020-07-07 20:34:12,750 INFO [restartedMain] o.a.catalina.core.StandardService Starting service [Tomcat]
autorizaciones 2020-07-07 20:34:12,751 INFO [restartedMain] o.a.catalina.core.StandardEngine Starting Servlet engine: [Apache Tomcat/9.0.34]
autorizaciones 2020-07-07 20:34:12,867 INFO [restartedMain] o.a.c.c.C.[.[.[/autorizaciones] Initializing Spring embedded WebApplicationContext
autorizaciones 2020-07-07 20:34:12,868 INFO [restartedMain] o.s.web.context.ContextLoader Root WebApplicationContext: initialization completed in 2136 ms
autorizaciones 2020-07-07 20:34:13,281 INFO [restartedMain] o.h.jpa.internal.util.LogHelper HHH000204: Processing PersistenceUnitInfo [name: default]
autorizaciones 2020-07-07 20:34:13,411 INFO [restartedMain] org.hibernate.Version HHH000412: Hibernate ORM core version 5.4.15.Final
autorizaciones 2020-07-07 20:34:13,705 INFO [restartedMain] o.h.annotations.common.Version HCANN000001: Hibernate Commons Annotations {5.1.0.Final}
autorizaciones 2020-07-07 20:34:13,887 INFO [restartedMain] com.zaxxer.hikari.HikariDataSource HikariPool-1 - Starting...
autorizaciones 2020-07-07 20:34:15,513 INFO [restartedMain] com.zaxxer.hikari.HikariDataSource HikariPool-1 - Start completed.
autorizaciones 2020-07-07 20:34:15,565 INFO [restartedMain] org.hibernate.dialect.Dialect HHH000400: Using dialect: org.hibernate.dialect.SQLServer2012Dialect
autorizaciones 2020-07-07 20:34:20,548 INFO [restartedMain] o.h.e.t.j.p.i.JtaPlatformInitiator HHH000490: Using JtaPlatform implementation: [org.hibernate.engine.transaction.jta.platform.internal.NoJtaPlatform]
autorizaciones 2020-07-07 20:34:20,574 INFO [restartedMain] o.s.o.j.LocalContainerEntityManagerFactoryBean Initialized JPA EntityManagerFactory for persistence unit 'default'
autorizaciones 2020-07-07 20:34:20,643 WARN [restartedMain] o.s.b.d.a.OptionalLiveReloadServer Unable to start LiveReload server
autorizaciones 2020-07-07 20:34:21,377 WARN [restartedMain] o.s.b.a.o.j.JpaBaseConfiguration$JpaWebConfiguration spring.jpa.open-in-view is enabled by default. Therefore, database queries may be performed during view rendering. Explicitly configure spring.jpa.open-in-view to disable this warning
autorizaciones 2020-07-07 20:34:21,522 INFO [restartedMain] o.s.s.c.ThreadPoolTaskExecutor Initializing ExecutorService 'applicationTaskExecutor'
autorizaciones 2020-07-07 20:34:21,847 INFO [restartedMain] o.a.coyote.http11.Http11NioProtocol Starting ProtocolHandler ["http-nio-8075"]
autorizaciones 2020-07-07 20:34:21,964 INFO [restartedMain] o.s.b.w.e.tomcat.TomcatWebServer Tomcat started on port(s): 8075 (http) with context path '/autorizaciones'
autorizaciones 2020-07-07 20:34:21,967 INFO [restartedMain] a.g.c.a.AutorizacionesApplication Started AutorizacionesApplication in 11.821 seconds (JVM running for 13.555)
autorizaciones 2020-07-07 20:34:32,999 INFO [http-nio-8075-exec-1] o.a.c.c.C.[.[.[/autorizaciones] Initializing Spring DispatcherServlet 'dispatcherServlet'
autorizaciones 2020-07-07 20:34:32,999 INFO [http-nio-8075-exec-1] o.s.web.servlet.DispatcherServlet Initializing Servlet 'dispatcherServlet'
autorizaciones 2020-07-07 20:34:33,009 INFO [http-nio-8075-exec-1] o.s.web.servlet.DispatcherServlet Completed initialization in 10 ms
autorizaciones 2020-07-07 20:34:33,125 INFO [http-nio-8075-exec-1] a.g.c.a.s.AutorizacionesService Validando usuario jeyler
autorizaciones 2020-07-07 20:36:30,458 INFO [Thread-2] o.s.s.c.ThreadPoolTaskExecutor Shutting down ExecutorService 'applicationTaskExecutor'
autorizaciones 2020-07-07 20:36:30,460 INFO [Thread-2] o.s.o.j.LocalContainerEntityManagerFactoryBean Closing JPA EntityManagerFactory for persistence unit 'default'
autorizaciones 2020-07-07 20:36:30,466 INFO [Thread-2] com.zaxxer.hikari.HikariDataSource HikariPool-1 - Shutdown initiated...
autorizaciones 2020-07-07 20:36:30,476 INFO [Thread-2] com.zaxxer.hikari.HikariDataSource HikariPool-1 - Shutdown completed.
autorizaciones 2020-07-07 20:36:31,264 INFO [restartedMain] a.g.c.a.AutorizacionesApplication Starting AutorizacionesApplication on LAPTOP-1RSKTVUK with PID 3296 (D:\Users\jeyler\Trabajo\CFP\SpringBoot\repositoriogit\cfp\autorizaciones\target\classes started by jeyler in D:\Users\jeyler\Trabajo\CFP\SpringBoot\repositoriogit\cfp\autorizaciones)
autorizaciones 2020-07-07 20:36:31,266 INFO [restartedMain] a.g.c.a.AutorizacionesApplication No active profile set, falling back to default profiles: default
autorizaciones 2020-07-07 20:36:31,687 INFO [restartedMain] o.s.d.r.c.RepositoryConfigurationDelegate Bootstrapping Spring Data JPA repositories in DEFAULT mode.
autorizaciones 2020-07-07 20:36:31,702 INFO [restartedMain] o.s.d.r.c.RepositoryConfigurationDelegate Finished Spring Data repository scanning in 15ms. Found 1 JPA repository interfaces.
autorizaciones 2020-07-07 20:36:31,926 INFO [restartedMain] o.s.b.w.e.tomcat.TomcatWebServer Tomcat initialized with port(s): 8075 (http)
autorizaciones 2020-07-07 20:36:31,927 INFO [restartedMain] o.a.coyote.http11.Http11NioProtocol Initializing ProtocolHandler ["http-nio-8075"]
autorizaciones 2020-07-07 20:36:31,927 INFO [restartedMain] o.a.catalina.core.StandardService Starting service [Tomcat]
autorizaciones 2020-07-07 20:36:31,927 INFO [restartedMain] o.a.catalina.core.StandardEngine Starting Servlet engine: [Apache Tomcat/9.0.34]
autorizaciones 2020-07-07 20:36:31,947 INFO [restartedMain] o.a.c.c.C.[.[.[/autorizaciones] Initializing Spring embedded WebApplicationContext
autorizaciones 2020-07-07 20:36:31,947 INFO [restartedMain] o.s.web.context.ContextLoader Root WebApplicationContext: initialization completed in 676 ms
autorizaciones 2020-07-07 20:36:32,017 INFO [restartedMain] o.h.jpa.internal.util.LogHelper HHH000204: Processing PersistenceUnitInfo [name: default]
autorizaciones 2020-07-07 20:36:32,024 INFO [restartedMain] com.zaxxer.hikari.HikariDataSource HikariPool-2 - Starting...
autorizaciones 2020-07-07 20:36:33,115 INFO [restartedMain] com.zaxxer.hikari.HikariDataSource HikariPool-2 - Start completed.
autorizaciones 2020-07-07 20:36:33,116 INFO [restartedMain] org.hibernate.dialect.Dialect HHH000400: Using dialect: org.hibernate.dialect.SQLServer2012Dialect
